2015年6月30日17时11分08秒207毫秒 Admin on port -1 : 收到命令，立即停止所有服务器。
2015年6月30日17时11分08秒208毫秒 Admin on port -1 : 开始向端口号为 20433 的服务器发送停止指令。
2015年6月30日17时11分08秒209毫秒 Admin on port -1 : 消息已成功发送，关闭连接。
2015年6月30日17时11分08秒209毫秒 Admin on port -1 : 已请求脚本启动一台新的服务器。
2015年6月30日17时11分10秒166毫秒 Server on port -1 : 新服务器被启动，开始工作。
2015年6月30日17时11分10秒166毫秒 Server on port -1 : 正在尝试绑定端口20756...
2015年6月30日17时11分10秒167毫秒 Server on port -1 : 绑定端口20756成功。
2015年6月30日17时11分10秒167毫秒 Server on port 20756 : 开始监听端口..
2015年6月30日17时11分10秒392毫秒 Client on port -1 : Client开始执行。
2015年6月30日17时11分10秒392毫秒 Client on port -1 : 选择了端口号为 20756的服务器 。
2015年6月30日17时11分10秒396毫秒 Client on port 20756 : 消息已发送，等待回应。
2015年6月30日17时11分10秒396毫秒 Server on port 20756 : 收到了一个新连接。
2015年6月30日17时11分10秒397毫秒 Server on port 20756 : 已读取信息。
2015年6月30日17时11分10秒397毫秒 Server on port 20756 : 已读取信息文件。
2015年6月30日17时11分10秒397毫秒 Server on port 20756 : 已载入信息文件。
2015年6月30日17时11分10秒400毫秒 Server on port 20756 : 初始化信息成功。开始执行。
2015年6月30日17时11分10秒465毫秒 Server on port 20756 : 执行完成。command.php本体耗时 0.06 秒。
2015年6月30日17时11分10秒465毫秒 Server on port 20756 : 关闭连接。
2015年6月30日17时11分10秒465毫秒 Client on port 20756 : 回应已读取，关闭连接。
2015年6月30日17时11分10秒466毫秒 Client on port 20756 : 已载入回应文件。
2015年6月30日17时11分10秒467毫秒 Client on port 20756 : Client执行完成。
2015年6月30日17时11分10秒481毫秒 Server on port 20756 : 执行完成。核心占用时间 0.07 秒。
2015年6月30日17时11分11秒463毫秒 Client on port -1 : Client开始执行。
2015年6月30日17时11分11秒463毫秒 Client on port -1 : 选择了端口号为 20756的服务器 。
2015年6月30日17时11分11秒466毫秒 Client on port 20756 : 消息已发送，等待回应。
2015年6月30日17时11分11秒466毫秒 Server on port 20756 : 收到了一个新连接。
2015年6月30日17时11分11秒466毫秒 Server on port 20756 : 已读取信息。
2015年6月30日17时11分11秒467毫秒 Server on port 20756 : 已读取信息文件。
2015年6月30日17时11分11秒467毫秒 Server on port 20756 : 已载入信息文件。
2015年6月30日17时11分11秒469毫秒 Server on port 20756 : 初始化信息成功。开始执行。
2015年6月30日17时11分11秒512毫秒 Server on port 20756 : 执行完成。command.php本体耗时 0.04 秒。
2015年6月30日17时11分11秒513毫秒 Client on port 20756 : 回应已读取，关闭连接。
2015年6月30日17时11分11秒513毫秒 Client on port 20756 : 已载入回应文件。
2015年6月30日17时11分11秒514毫秒 Client on port 20756 : Client执行完成。
2015年6月30日17时11分11秒515毫秒 Server on port 20756 : 关闭连接。
2015年6月30日17时11分11秒533毫秒 Server on port 20756 : 执行完成。核心占用时间 0.06 秒。
2015年6月30日17时11分35秒503毫秒 Client on port -1 : Client开始执行。
2015年6月30日17时11分35秒503毫秒 Client on port -1 : 选择了端口号为 20756的服务器 。
2015年6月30日17时11分35秒506毫秒 Client on port 20756 : 消息已发送，等待回应。
2015年6月30日17时11分35秒507毫秒 Server on port 20756 : 收到了一个新连接。
2015年6月30日17时11分35秒507毫秒 Server on port 20756 : 已读取信息。
2015年6月30日17时11分35秒507毫秒 Server on port 20756 : 已读取信息文件。
2015年6月30日17时11分35秒508毫秒 Server on port 20756 : 已载入信息文件。
2015年6月30日17时11分35秒510毫秒 Server on port 20756 : 初始化信息成功。开始执行。
2015年6月30日17时11分35秒556毫秒 Server on port 20756 : 执行完成。command.php本体耗时 0.04 秒。
2015年6月30日17时11分35秒556毫秒 Server on port 20756 : 关闭连接。
2015年6月30日17时11分35秒557毫秒 Client on port 20756 : 回应已读取，关闭连接。
2015年6月30日17时11分35秒557毫秒 Client on port 20756 : 已载入回应文件。
2015年6月30日17时11分35秒558毫秒 Client on port 20756 : Client执行完成。
2015年6月30日17时11分35秒574毫秒 Server on port 20756 : 执行完成。核心占用时间 0.06 秒。
2015年6月30日17时11分36秒161毫秒 Client on port -1 : Client开始执行。
2015年6月30日17时11分36秒161毫秒 Client on port -1 : 选择了端口号为 20756的服务器 。
2015年6月30日17时11分36秒165毫秒 Client on port 20756 : 消息已发送，等待回应。
2015年6月30日17时11分36秒166毫秒 Server on port 20756 : 收到了一个新连接。
2015年6月30日17时11分36秒166毫秒 Server on port 20756 : 已读取信息。
2015年6月30日17时11分36秒166毫秒 Server on port 20756 : 已读取信息文件。
2015年6月30日17时11分36秒167毫秒 Server on port 20756 : 已载入信息文件。
2015年6月30日17时11分36秒170毫秒 Server on port 20756 : 初始化信息成功。开始执行。
2015年6月30日17时11分36秒225毫秒 Server on port 20756 : 执行完成。command.php本体耗时 0.05 秒。
2015年6月30日17时11分36秒226毫秒 Server on port 20756 : 关闭连接。
2015年6月30日17时11分36秒226毫秒 Client on port 20756 : 回应已读取，关闭连接。
2015年6月30日17时11分36秒227毫秒 Client on port 20756 : 已载入回应文件。
2015年6月30日17时11分36秒227毫秒 Client on port 20756 : Client执行完成。
2015年6月30日17时11分36秒245毫秒 Server on port 20756 : 执行完成。核心占用时间 0.07 秒。
2015年6月30日17时11分36秒841毫秒 Client on port -1 : Client开始执行。
2015年6月30日17时11分36秒841毫秒 Client on port -1 : 选择了端口号为 20756的服务器 。
2015年6月30日17时11分36秒843毫秒 Client on port 20756 : 消息已发送，等待回应。
2015年6月30日17时11分36秒843毫秒 Server on port 20756 : 收到了一个新连接。
2015年6月30日17时11分36秒844毫秒 Server on port 20756 : 已读取信息。
2015年6月30日17时11分36秒844毫秒 Server on port 20756 : 已读取信息文件。
2015年6月30日17时11分36秒845毫秒 Server on port 20756 : 已载入信息文件。
2015年6月30日17时11分36秒847毫秒 Server on port 20756 : 初始化信息成功。开始执行。
2015年6月30日17时11分36秒898毫秒 Server on port 20756 : 执行完成。command.php本体耗时 0.04 秒。
2015年6月30日17时11分36秒898毫秒 Server on port 20756 : 关闭连接。
2015年6月30日17时11分36秒899毫秒 Client on port 20756 : 回应已读取，关闭连接。
2015年6月30日17时11分36秒899毫秒 Client on port 20756 : 已载入回应文件。
2015年6月30日17时11分36秒899毫秒 Client on port 20756 : Client执行完成。
2015年6月30日17时11分36秒918毫秒 Server on port 20756 : 执行完成。核心占用时间 0.06 秒。
2015年6月30日17时11分37秒357毫秒 Client on port -1 : Client开始执行。
2015年6月30日17时11分37秒357毫秒 Client on port -1 : 选择了端口号为 20756的服务器 。
2015年6月30日17时11分37秒359毫秒 Client on port 20756 : 消息已发送，等待回应。
2015年6月30日17时11分37秒359毫秒 Server on port 20756 : 收到了一个新连接。
2015年6月30日17时11分37秒359毫秒 Server on port 20756 : 已读取信息。
2015年6月30日17时11分37秒360毫秒 Server on port 20756 : 已读取信息文件。
2015年6月30日17时11分37秒360毫秒 Server on port 20756 : 已载入信息文件。
2015年6月30日17时11分37秒361毫秒 Server on port 20756 : 初始化信息成功。开始执行。
2015年6月30日17时11分37秒411毫秒 Server on port 20756 : 执行完成。command.php本体耗时 0.05 秒。
2015年6月30日17时11分37秒412毫秒 Server on port 20756 : 关闭连接。
2015年6月30日17时11分37秒412毫秒 Client on port 20756 : 回应已读取，关闭连接。
2015年6月30日17时11分37秒413毫秒 Client on port 20756 : 已载入回应文件。
2015年6月30日17时11分37秒414毫秒 Client on port 20756 : Client执行完成。
2015年6月30日17时11分37秒431毫秒 Server on port 20756 : 执行完成。核心占用时间 0.07 秒。
2015年6月30日17时11分37秒966毫秒 Client on port -1 : Client开始执行。
2015年6月30日17时11分37秒967毫秒 Client on port -1 : 选择了端口号为 20756的服务器 。
2015年6月30日17时11分37秒969毫秒 Client on port 20756 : 消息已发送，等待回应。
2015年6月30日17时11分37秒970毫秒 Server on port 20756 : 收到了一个新连接。
2015年6月30日17时11分37秒970毫秒 Server on port 20756 : 已读取信息。
2015年6月30日17时11分37秒970毫秒 Server on port 20756 : 已读取信息文件。
2015年6月30日17时11分37秒971毫秒 Server on port 20756 : 已载入信息文件。
2015年6月30日17时11分37秒973毫秒 Server on port 20756 : 初始化信息成功。开始执行。
2015年6月30日17时11分38秒27毫秒 Server on port 20756 : 执行完成。command.php本体耗时 0.05 秒。
2015年6月30日17时11分38秒28毫秒 Server on port 20756 : 关闭连接。
2015年6月30日17时11分38秒28毫秒 Client on port 20756 : 回应已读取，关闭连接。
2015年6月30日17时11分38秒29毫秒 Client on port 20756 : 已载入回应文件。
2015年6月30日17时11分38秒29毫秒 Client on port 20756 : Client执行完成。
2015年6月30日17时11分38秒50毫秒 Server on port 20756 : 执行完成。核心占用时间 0.07 秒。
2015年6月30日17时11分38秒740毫秒 Client on port -1 : Client开始执行。
2015年6月30日17时11分38秒741毫秒 Client on port -1 : 选择了端口号为 20756的服务器 。
2015年6月30日17时11分38秒743毫秒 Client on port 20756 : 消息已发送，等待回应。
2015年6月30日17时11分38秒744毫秒 Server on port 20756 : 收到了一个新连接。
2015年6月30日17时11分38秒744毫秒 Server on port 20756 : 已读取信息。
2015年6月30日17时11分38秒744毫秒 Server on port 20756 : 已读取信息文件。
2015年6月30日17时11分38秒745毫秒 Server on port 20756 : 已载入信息文件。
2015年6月30日17时11分38秒747毫秒 Server on port 20756 : 初始化信息成功。开始执行。
2015年6月30日17时11分38秒795毫秒 Server on port 20756 : 执行完成。command.php本体耗时 0.04 秒。
2015年6月30日17时11分38秒795毫秒 Server on port 20756 : 关闭连接。
2015年6月30日17时11分38秒795毫秒 Client on port 20756 : 回应已读取，关闭连接。
2015年6月30日17时11分38秒796毫秒 Client on port 20756 : 已载入回应文件。
2015年6月30日17时11分38秒797毫秒 Client on port 20756 : Client执行完成。
2015年6月30日17时11分38秒814毫秒 Server on port 20756 : 执行完成。核心占用时间 0.06 秒。
2015年6月30日17时11分39秒319毫秒 Client on port -1 : Client开始执行。
2015年6月30日17时11分39秒320毫秒 Client on port -1 : 选择了端口号为 20756的服务器 。
2015年6月30日17时11分39秒322毫秒 Client on port 20756 : 消息已发送，等待回应。
2015年6月30日17时11分39秒323毫秒 Server on port 20756 : 收到了一个新连接。
2015年6月30日17时11分39秒323毫秒 Server on port 20756 : 已读取信息。
2015年6月30日17时11分39秒324毫秒 Server on port 20756 : 已读取信息文件。
2015年6月30日17时11分39秒324毫秒 Server on port 20756 : 已载入信息文件。
2015年6月30日17时11分39秒327毫秒 Server on port 20756 : 初始化信息成功。开始执行。
2015年6月30日17时11分39秒377毫秒 Server on port 20756 : 执行完成。command.php本体耗时 0.04 秒。
2015年6月30日17时11分39秒377毫秒 Server on port 20756 : 关闭连接。
2015年6月30日17时11分39秒377毫秒 Client on port 20756 : 回应已读取，关闭连接。
2015年6月30日17时11分39秒378毫秒 Client on port 20756 : 已载入回应文件。
2015年6月30日17时11分39秒378毫秒 Client on port 20756 : Client执行完成。
2015年6月30日17时11分39秒396毫秒 Server on port 20756 : 执行完成。核心占用时间 0.06 秒。
2015年6月30日17时11分40秒53毫秒 Client on port -1 : Client开始执行。
2015年6月30日17时11分40秒53毫秒 Client on port -1 : 选择了端口号为 20756的服务器 。
2015年6月30日17时11分40秒55毫秒 Client on port 20756 : 消息已发送，等待回应。
2015年6月30日17时11分40秒55毫秒 Server on port 20756 : 收到了一个新连接。
2015年6月30日17时11分40秒56毫秒 Server on port 20756 : 已读取信息。
2015年6月30日17时11分40秒56毫秒 Server on port 20756 : 已读取信息文件。
2015年6月30日17时11分40秒56毫秒 Server on port 20756 : 已载入信息文件。
2015年6月30日17时11分40秒58毫秒 Server on port 20756 : 初始化信息成功。开始执行。
2015年6月30日17时11分40秒104毫秒 Server on port 20756 : 执行完成。command.php本体耗时 0.04 秒。
2015年6月30日17时11分40秒104毫秒 Server on port 20756 : 关闭连接。
2015年6月30日17时11分40秒105毫秒 Client on port 20756 : 回应已读取，关闭连接。
2015年6月30日17时11分40秒105毫秒 Client on port 20756 : 已载入回应文件。
2015年6月30日17时11分40秒106毫秒 Client on port 20756 : Client执行完成。
2015年6月30日17时11分40秒124毫秒 Server on port 20756 : 执行完成。核心占用时间 0.06 秒。
2015年6月30日17时11分40秒583毫秒 Client on port -1 : Client开始执行。
2015年6月30日17时11分40秒583毫秒 Client on port -1 : 选择了端口号为 20756的服务器 。
2015年6月30日17时11分40秒586毫秒 Client on port 20756 : 消息已发送，等待回应。
2015年6月30日17时11分40秒586毫秒 Server on port 20756 : 收到了一个新连接。
2015年6月30日17时11分40秒587毫秒 Server on port 20756 : 已读取信息。
2015年6月30日17时11分40秒587毫秒 Server on port 20756 : 已读取信息文件。
2015年6月30日17时11分40秒587毫秒 Server on port 20756 : 已载入信息文件。
2015年6月30日17时11分40秒590毫秒 Server on port 20756 : 初始化信息成功。开始执行。
2015年6月30日17时11分40秒640毫秒 Server on port 20756 : 执行完成。command.php本体耗时 0.04 秒。
2015年6月30日17时11分40秒641毫秒 Server on port 20756 : 关闭连接。
2015年6月30日17时11分40秒641毫秒 Client on port 20756 : 回应已读取，关闭连接。
2015年6月30日17时11分40秒641毫秒 Client on port 20756 : 已载入回应文件。
2015年6月30日17时11分40秒642毫秒 Client on port 20756 : Client执行完成。
2015年6月30日17时11分40秒658毫秒 Server on port 20756 : 执行完成。核心占用时间 0.06 秒。
2015年6月30日17时11分41秒213毫秒 Client on port -1 : Client开始执行。
2015年6月30日17时11分41秒214毫秒 Client on port -1 : 选择了端口号为 20756的服务器 。
2015年6月30日17时11分41秒216毫秒 Client on port 20756 : 消息已发送，等待回应。
2015年6月30日17时11分41秒217毫秒 Server on port 20756 : 收到了一个新连接。
2015年6月30日17时11分41秒217毫秒 Server on port 20756 : 已读取信息。
2015年6月30日17时11分41秒217毫秒 Server on port 20756 : 已读取信息文件。
2015年6月30日17时11分41秒218毫秒 Server on port 20756 : 已载入信息文件。
2015年6月30日17时11分41秒221毫秒 Server on port 20756 : 初始化信息成功。开始执行。
2015年6月30日17时11分41秒265毫秒 Server on port 20756 : 执行完成。command.php本体耗时 0.04 秒。
2015年6月30日17时11分41秒266毫秒 Server on port 20756 : 关闭连接。
2015年6月30日17时11分41秒266毫秒 Client on port 20756 : 回应已读取，关闭连接。
2015年6月30日17时11分41秒267毫秒 Client on port 20756 : 已载入回应文件。
2015年6月30日17时11分41秒267毫秒 Client on port 20756 : Client执行完成。
2015年6月30日17时11分41秒285毫秒 Server on port 20756 : 执行完成。核心占用时间 0.06 秒。
2015年6月30日17时11分41秒689毫秒 Client on port -1 : Client开始执行。
2015年6月30日17时11分41秒690毫秒 Client on port -1 : 选择了端口号为 20756的服务器 。
2015年6月30日17时11分41秒694毫秒 Client on port 20756 : 消息已发送，等待回应。
2015年6月30日17时11分41秒694毫秒 Server on port 20756 : 收到了一个新连接。
2015年6月30日17时11分41秒694毫秒 Server on port 20756 : 已读取信息。
2015年6月30日17时11分41秒695毫秒 Server on port 20756 : 已读取信息文件。
2015年6月30日17时11分41秒695毫秒 Server on port 20756 : 已载入信息文件。
2015年6月30日17时11分41秒698毫秒 Server on port 20756 : 初始化信息成功。开始执行。
2015年6月30日17时11分41秒757毫秒 Server on port 20756 : 执行完成。command.php本体耗时 0.05 秒。
2015年6月30日17时11分41秒758毫秒 Server on port 20756 : 关闭连接。
2015年6月30日17时11分41秒758毫秒 Client on port 20756 : 回应已读取，关闭连接。
2015年6月30日17时11分41秒759毫秒 Client on port 20756 : 已载入回应文件。
2015年6月30日17时11分41秒759毫秒 Client on port 20756 : Client执行完成。
2015年6月30日17时11分41秒776毫秒 Server on port 20756 : 执行完成。核心占用时间 0.07 秒。
2015年6月30日17时11分42秒551毫秒 Client on port -1 : Client开始执行。
2015年6月30日17时11分42秒551毫秒 Client on port -1 : 选择了端口号为 20756的服务器 。
2015年6月30日17时11分42秒554毫秒 Client on port 20756 : 消息已发送，等待回应。
2015年6月30日17时11分42秒554毫秒 Server on port 20756 : 收到了一个新连接。
2015年6月30日17时11分42秒555毫秒 Server on port 20756 : 已读取信息。
2015年6月30日17时11分42秒555毫秒 Server on port 20756 : 已读取信息文件。
2015年6月30日17时11分42秒555毫秒 Server on port 20756 : 已载入信息文件。
2015年6月30日17时11分42秒558毫秒 Server on port 20756 : 初始化信息成功。开始执行。
2015年6月30日17时11分42秒610毫秒 Server on port 20756 : 执行完成。command.php本体耗时 0.05 秒。
2015年6月30日17时11分42秒611毫秒 Server on port 20756 : 关闭连接。
2015年6月30日17时11分42秒611毫秒 Client on port 20756 : 回应已读取，关闭连接。
2015年6月30日17时11分42秒611毫秒 Client on port 20756 : 已载入回应文件。
2015年6月30日17时11分42秒611毫秒 Client on port 20756 : Client执行完成。
2015年6月30日17时11分42秒632毫秒 Server on port 20756 : 执行完成。核心占用时间 0.07 秒。
2015年6月30日17时11分43秒865毫秒 Client on port -1 : Client开始执行。
2015年6月30日17时11分43秒865毫秒 Client on port -1 : 选择了端口号为 20756的服务器 。
2015年6月30日17时11分43秒867毫秒 Client on port 20756 : 消息已发送，等待回应。
2015年6月30日17时11分43秒867毫秒 Server on port 20756 : 收到了一个新连接。
2015年6月30日17时11分43秒868毫秒 Server on port 20756 : 已读取信息。
2015年6月30日17时11分43秒868毫秒 Server on port 20756 : 已读取信息文件。
2015年6月30日17时11分43秒869毫秒 Server on port 20756 : 已载入信息文件。
2015年6月30日17时11分43秒871毫秒 Server on port 20756 : 初始化信息成功。开始执行。
2015年6月30日17时11分43秒933毫秒 Server on port 20756 : 本次操作同步问题触发窗口达到了 0.0524 秒
2015年6月30日17时11分43秒938毫秒 Server on port 20756 : 执行完成。command.php本体耗时 0.06 秒。
2015年6月30日17时11分43秒938毫秒 Server on port 20756 : 关闭连接。
2015年6月30日17时11分43秒939毫秒 Client on port 20756 : 回应已读取，关闭连接。
2015年6月30日17时11分43秒939毫秒 Client on port 20756 : 已载入回应文件。
2015年6月30日17时11分43秒940毫秒 Client on port 20756 : Client执行完成。
2015年6月30日17时11分43秒958毫秒 Server on port 20756 : 执行完成。核心占用时间 0.08 秒。
2015年6月30日17时11分44秒885毫秒 Client on port -1 : Client开始执行。
2015年6月30日17时11分44秒885毫秒 Client on port -1 : 选择了端口号为 20756的服务器 。
2015年6月30日17时11分44秒888毫秒 Client on port 20756 : 消息已发送，等待回应。
2015年6月30日17时11分44秒888毫秒 Server on port 20756 : 收到了一个新连接。
2015年6月30日17时11分44秒888毫秒 Server on port 20756 : 已读取信息。
2015年6月30日17时11分44秒889毫秒 Server on port 20756 : 已读取信息文件。
2015年6月30日17时11分44秒889毫秒 Server on port 20756 : 已载入信息文件。
2015年6月30日17时11分44秒892毫秒 Server on port 20756 : 初始化信息成功。开始执行。
2015年6月30日17时11分44秒939毫秒 Server on port 20756 : 执行完成。command.php本体耗时 0.04 秒。
2015年6月30日17时11分44秒939毫秒 Server on port 20756 : 关闭连接。
2015年6月30日17时11分44秒939毫秒 Client on port 20756 : 回应已读取，关闭连接。
2015年6月30日17时11分44秒940毫秒 Client on port 20756 : 已载入回应文件。
2015年6月30日17时11分44秒941毫秒 Client on port 20756 : Client执行完成。
2015年6月30日17时11分44秒961毫秒 Server on port 20756 : 执行完成。核心占用时间 0.06 秒。
2015年6月30日17时18分14秒888毫秒 Server on port 20756 : 收到了一个新连接。
2015年6月30日17时18分14秒888毫秒 Server on port 20756 : 已读取信息。
2015年6月30日17时18分14秒888毫秒 Server on port 20756 : 收到了测试命令。
2015年6月30日17时18分14秒889毫秒 Server on port 20756 : 关闭连接。
2015年6月30日17时18分14秒907毫秒 Server on port 20756 : 执行完成。核心占用时间 390.01 秒。
2015年6月30日17时18分15秒658毫秒 Admin on port -1 : 收到命令，立即停止所有服务器。
2015年6月30日17时18分15秒659毫秒 Admin on port -1 : 开始向端口号为 20756 的服务器发送停止指令。
2015年6月30日17时18分15秒659毫秒 Admin on port -1 : 消息已成功发送，关闭连接。
2015年6月30日17时18分15秒659毫秒 Server on port 20756 : 收到了一个新连接。
2015年6月30日17时18分15秒660毫秒 Admin on port -1 : 已请求脚本启动一台新的服务器。
2015年6月30日17时18分15秒660毫秒 Server on port 20756 : 已读取信息。
2015年6月30日17时18分15秒660毫秒 Server on port 20756 : 收到指令要求退出，紧急退出。
2015年6月30日17时18分15秒661毫秒 Server on port 20756 : 已经退出。
2015年6月30日17时18分18秒198毫秒 Server on port -1 : 新服务器被启动，开始工作。
2015年6月30日17时18分18秒198毫秒 Server on port -1 : 正在尝试绑定端口20795...
2015年6月30日17时18分18秒198毫秒 Server on port -1 : 绑定端口20795成功。
2015年6月30日17时18分18秒198毫秒 Server on port 20795 : 开始监听端口..
2015年6月30日17时18分19秒142毫秒 Client on port -1 : Client开始执行。
2015年6月30日17时18分19秒143毫秒 Client on port -1 : 选择了端口号为 20795的服务器 。
2015年6月30日17时18分19秒146毫秒 Client on port 20795 : 消息已发送，等待回应。
2015年6月30日17时18分19秒146毫秒 Server on port 20795 : 收到了一个新连接。
2015年6月30日17时18分19秒147毫秒 Server on port 20795 : 已读取信息。
2015年6月30日17时18分19秒147毫秒 Server on port 20795 : 已读取信息文件。
2015年6月30日17时18分19秒147毫秒 Server on port 20795 : 已载入信息文件。
2015年6月30日17时18分19秒150毫秒 Server on port 20795 : 初始化信息成功。开始执行。
2015年6月30日17时18分19秒209毫秒 Server on port 20795 : 执行完成。command.php本体耗时 0.05 秒。
2015年6月30日17时18分19秒209毫秒 Server on port 20795 : 关闭连接。
2015年6月30日17时18分19秒209毫秒 Client on port 20795 : 回应已读取，关闭连接。
2015年6月30日17时18分19秒210毫秒 Client on port 20795 : 已载入回应文件。
2015年6月30日17时18分19秒210毫秒 Client on port 20795 : Client执行完成。
2015年6月30日17时18分19秒226毫秒 Server on port 20795 : 执行完成。核心占用时间 0.07 秒。
2015年6月30日17时18分19秒926毫秒 Client on port -1 : Client开始执行。
2015年6月30日17时18分19秒926毫秒 Client on port -1 : 选择了端口号为 20795的服务器 。
2015年6月30日17时18分19秒927毫秒 Client on port 20795 : 消息已发送，等待回应。
2015年6月30日17时18分19秒928毫秒 Server on port 20795 : 收到了一个新连接。
2015年6月30日17时18分19秒928毫秒 Server on port 20795 : 已读取信息。
2015年6月30日17时18分19秒929毫秒 Server on port 20795 : 已读取信息文件。
2015年6月30日17时18分19秒929毫秒 Server on port 20795 : 已载入信息文件。
2015年6月30日17时18分19秒932毫秒 Server on port 20795 : 初始化信息成功。开始执行。
2015年6月30日17时18分19秒977毫秒 Server on port 20795 : 执行完成。command.php本体耗时 0.04 秒。
2015年6月30日17时18分19秒977毫秒 Server on port 20795 : 关闭连接。
2015年6月30日17时18分19秒978毫秒 Client on port 20795 : 回应已读取，关闭连接。
2015年6月30日17时18分19秒978毫秒 Client on port 20795 : 已载入回应文件。
2015年6月30日17时18分19秒979毫秒 Client on port 20795 : Client执行完成。
2015年6月30日17时18分19秒993毫秒 Server on port 20795 : 执行完成。核心占用时间 0.06 秒。
2015年6月30日17时18分20秒517毫秒 Client on port -1 : Client开始执行。
2015年6月30日17时18分20秒517毫秒 Client on port -1 : 选择了端口号为 20795的服务器 。
2015年6月30日17时18分20秒519毫秒 Server on port 20795 : 收到了一个新连接。
2015年6月30日17时18分20秒519毫秒 Client on port 20795 : 消息已发送，等待回应。
2015年6月30日17时18分20秒519毫秒 Server on port 20795 : 已读取信息。
2015年6月30日17时18分20秒519毫秒 Server on port 20795 : 已读取信息文件。
2015年6月30日17时18分20秒520毫秒 Server on port 20795 : 已载入信息文件。
2015年6月30日17时18分20秒521毫秒 Server on port 20795 : 初始化信息成功。开始执行。
2015年6月30日17时18分20秒573毫秒 Server on port 20795 : 执行完成。command.php本体耗时 0.05 秒。
2015年6月30日17时18分20秒574毫秒 Server on port 20795 : 关闭连接。
2015年6月30日17时18分20秒574毫秒 Client on port 20795 : 回应已读取，关闭连接。
2015年6月30日17时18分20秒575毫秒 Client on port 20795 : 已载入回应文件。
2015年6月30日17时18分20秒575毫秒 Client on port 20795 : Client执行完成。
2015年6月30日17时18分20秒592毫秒 Server on port 20795 : 执行完成。核心占用时间 0.07 秒。
2015年6月30日17时18分21秒393毫秒 Client on port -1 : Client开始执行。
2015年6月30日17时18分21秒394毫秒 Client on port -1 : 选择了端口号为 20795的服务器 。
2015年6月30日17时18分21秒396毫秒 Client on port 20795 : 消息已发送，等待回应。
2015年6月30日17时18分21秒396毫秒 Server on port 20795 : 收到了一个新连接。
2015年6月30日17时18分21秒397毫秒 Server on port 20795 : 已读取信息。
2015年6月30日17时18分21秒397毫秒 Server on port 20795 : 已读取信息文件。
2015年6月30日17时18分21秒397毫秒 Server on port 20795 : 已载入信息文件。
2015年6月30日17时18分21秒400毫秒 Server on port 20795 : 初始化信息成功。开始执行。
2015年6月30日17时18分21秒449毫秒 Server on port 20795 : 执行完成。command.php本体耗时 0.04 秒。
2015年6月30日17时18分21秒449毫秒 Server on port 20795 : 关闭连接。
2015年6月30日17时18分21秒450毫秒 Client on port 20795 : 回应已读取，关闭连接。
2015年6月30日17时18分21秒450毫秒 Client on port 20795 : 已载入回应文件。
2015年6月30日17时18分21秒451毫秒 Client on port 20795 : Client执行完成。
2015年6月30日17时18分21秒470毫秒 Server on port 20795 : 执行完成。核心占用时间 0.06 秒。
2015年6月30日17时36分22秒108毫秒 Server on port 20795 : 已经运行了 1085秒，稍后将退出，已请求脚本启动新服务器。
2015年6月30日17时36分23秒309毫秒 Server on port -1 : 新服务器被启动，开始工作。
2015年6月30日17时36分23秒310毫秒 Server on port -1 : 正在尝试绑定端口20877...
2015年6月30日17时36分23秒310毫秒 Server on port -1 : 绑定端口20877成功。
2015年6月30日17时36分23秒310毫秒 Server on port 20877 : 开始监听端口..
2015年6月30日17时37分22秒110毫秒 Server on port 20795 : 已经运行了 1145秒。主动退出。
2015年6月30日17时37分22秒111毫秒 Server on port 20795 : 已经退出。
2015年6月30日17时39分13秒32毫秒 Client on port -1 : Client开始执行。
2015年6月30日17时39分13秒33毫秒 Client on port -1 : 选择了端口号为 20877的服务器 。
2015年6月30日17时39分13秒36毫秒 Client on port 20877 : 消息已发送，等待回应。
2015年6月30日17时39分13秒36毫秒 Server on port 20877 : 收到了一个新连接。
2015年6月30日17时39分13秒36毫秒 Server on port 20877 : 已读取信息。
2015年6月30日17时39分13秒37毫秒 Server on port 20877 : 已读取信息文件。
2015年6月30日17时39分13秒37毫秒 Server on port 20877 : 已载入信息文件。
2015年6月30日17时39分13秒38毫秒 Server on port 20877 : 初始化信息成功。开始执行。
2015年6月30日17时39分13秒99毫秒 Server on port 20877 : 本次操作同步问题触发窗口达到了 0.0521 秒
2015年6月30日17时39分13秒105毫秒 Server on port 20877 : 执行完成。command.php本体耗时 0.06 秒。
2015年6月30日17时39分13秒105毫秒 Server on port 20877 : 关闭连接。
2015年6月30日17时39分13秒105毫秒 Client on port 20877 : 回应已读取，关闭连接。
2015年6月30日17时39分13秒106毫秒 Client on port 20877 : 已载入回应文件。
2015年6月30日17时39分13秒106毫秒 Client on port 20877 : Client执行完成。
2015年6月30日17时39分13秒129毫秒 Server on port 20877 : 执行完成。核心占用时间 0.09 秒。
2015年6月30日17时39分14秒432毫秒 Client on port -1 : Client开始执行。
2015年6月30日17时39分14秒433毫秒 Client on port -1 : 选择了端口号为 20877的服务器 。
2015年6月30日17时39分14秒435毫秒 Server on port 20877 : 收到了一个新连接。
2015年6月30日17时39分14秒436毫秒 Client on port 20877 : 消息已发送，等待回应。
2015年6月30日17时39分14秒436毫秒 Server on port 20877 : 已读取信息。
2015年6月30日17时39分14秒436毫秒 Server on port 20877 : 已读取信息文件。
2015年6月30日17时39分14秒437毫秒 Server on port 20877 : 已载入信息文件。
2015年6月30日17时39分14秒440毫秒 Server on port 20877 : 初始化信息成功。开始执行。
2015年6月30日17时39分14秒485毫秒 Server on port 20877 : 执行完成。command.php本体耗时 0.04 秒。
2015年6月30日17时39分14秒486毫秒 Server on port 20877 : 关闭连接。
2015年6月30日17时39分14秒486毫秒 Client on port 20877 : 回应已读取，关闭连接。
2015年6月30日17时39分14秒487毫秒 Client on port 20877 : 已载入回应文件。
2015年6月30日17时39分14秒487毫秒 Client on port 20877 : Client执行完成。
2015年6月30日17时39分14秒504毫秒 Server on port 20877 : 执行完成。核心占用时间 0.06 秒。
2015年6月30日17时39分15秒338毫秒 Client on port -1 : Client开始执行。
2015年6月30日17时39分15秒339毫秒 Client on port -1 : 选择了端口号为 20877的服务器 。
2015年6月30日17时39分15秒341毫秒 Client on port 20877 : 消息已发送，等待回应。
2015年6月30日17时39分15秒342毫秒 Server on port 20877 : 收到了一个新连接。
2015年6月30日17时39分15秒342毫秒 Server on port 20877 : 已读取信息。
2015年6月30日17时39分15秒343毫秒 Server on port 20877 : 已读取信息文件。
2015年6月30日17时39分15秒343毫秒 Server on port 20877 : 已载入信息文件。
2015年6月30日17时39分15秒346毫秒 Server on port 20877 : 初始化信息成功。开始执行。
2015年6月30日17时39分15秒406毫秒 Server on port 20877 : 执行完成。command.php本体耗时 0.05 秒。
2015年6月30日17时39分15秒407毫秒 Server on port 20877 : 关闭连接。
2015年6月30日17时39分15秒407毫秒 Client on port 20877 : 回应已读取，关闭连接。
2015年6月30日17时39分15秒407毫秒 Client on port 20877 : 已载入回应文件。
2015年6月30日17时39分15秒408毫秒 Client on port 20877 : Client执行完成。
2015年6月30日17时39分15秒425毫秒 Server on port 20877 : 执行完成。核心占用时间 0.07 秒。
2015年6月30日17时39分16秒770毫秒 Client on port -1 : Client开始执行。
2015年6月30日17时39分16秒771毫秒 Client on port -1 : 选择了端口号为 20877的服务器 。
2015年6月30日17时39分16秒774毫秒 Client on port 20877 : 消息已发送，等待回应。
2015年6月30日17时39分16秒774毫秒 Server on port 20877 : 收到了一个新连接。
2015年6月30日17时39分16秒774毫秒 Server on port 20877 : 已读取信息。
2015年6月30日17时39分16秒775毫秒 Server on port 20877 : 已读取信息文件。
2015年6月30日17时39分16秒775毫秒 Server on port 20877 : 已载入信息文件。
2015年6月30日17时39分16秒778毫秒 Server on port 20877 : 初始化信息成功。开始执行。
2015年6月30日17时39分16秒820毫秒 Server on port 20877 : 执行完成。command.php本体耗时 0.04 秒。
2015年6月30日17时39分16秒821毫秒 Server on port 20877 : 关闭连接。
2015年6月30日17时39分16秒821毫秒 Client on port 20877 : 回应已读取，关闭连接。
2015年6月30日17时39分16秒821毫秒 Client on port 20877 : 已载入回应文件。
2015年6月30日17时39分16秒821毫秒 Client on port 20877 : Client执行完成。
2015年6月30日17时39分16秒839毫秒 Server on port 20877 : 执行完成。核心占用时间 0.06 秒。
2015年6月30日17时39分17秒234毫秒 Client on port -1 : Client开始执行。
2015年6月30日17时39分17秒234毫秒 Client on port -1 : 选择了端口号为 20877的服务器 。
2015年6月30日17时39分17秒236毫秒 Client on port 20877 : 消息已发送，等待回应。
2015年6月30日17时39分17秒237毫秒 Server on port 20877 : 收到了一个新连接。
2015年6月30日17时39分17秒237毫秒 Server on port 20877 : 已读取信息。
2015年6月30日17时39分17秒238毫秒 Server on port 20877 : 已读取信息文件。
2015年6月30日17时39分17秒238毫秒 Server on port 20877 : 已载入信息文件。
2015年6月30日17时39分17秒241毫秒 Server on port 20877 : 初始化信息成功。开始执行。
2015年6月30日17时39分17秒284毫秒 Server on port 20877 : 执行完成。command.php本体耗时 0.04 秒。
2015年6月30日17时39分17秒284毫秒 Server on port 20877 : 关闭连接。
2015年6月30日17时39分17秒285毫秒 Client on port 20877 : 回应已读取，关闭连接。
2015年6月30日17时39分17秒285毫秒 Client on port 20877 : 已载入回应文件。
2015年6月30日17时39分17秒286毫秒 Client on port 20877 : Client执行完成。
2015年6月30日17时39分17秒306毫秒 Server on port 20877 : 执行完成。核心占用时间 0.06 秒。
2015年6月30日17时39分19秒433毫秒 Client on port -1 : Client开始执行。
2015年6月30日17时39分19秒434毫秒 Client on port -1 : 选择了端口号为 20877的服务器 。
2015年6月30日17时39分19秒436毫秒 Client on port 20877 : 消息已发送，等待回应。
2015年6月30日17时39分19秒437毫秒 Server on port 20877 : 收到了一个新连接。
2015年6月30日17时39分19秒437毫秒 Server on port 20877 : 已读取信息。
2015年6月30日17时39分19秒437毫秒 Server on port 20877 : 已读取信息文件。
2015年6月30日17时39分19秒438毫秒 Server on port 20877 : 已载入信息文件。
2015年6月30日17时39分19秒440毫秒 Server on port 20877 : 初始化信息成功。开始执行。
2015年6月30日17时39分19秒477毫秒 Server on port 20877 : 执行完成。command.php本体耗时 0.03 秒。
2015年6月30日17时39分19秒478毫秒 Server on port 20877 : 关闭连接。
2015年6月30日17时39分19秒478毫秒 Client on port 20877 : 回应已读取，关闭连接。
2015年6月30日17时39分19秒479毫秒 Client on port 20877 : 已载入回应文件。
2015年6月30日17时39分19秒479毫秒 Client on port 20877 : Client执行完成。
2015年6月30日17时39分19秒496毫秒 Server on port 20877 : 执行完成。核心占用时间 0.05 秒。
2015年6月30日17时39分20秒184毫秒 Client on port -1 : Client开始执行。
2015年6月30日17时39分20秒185毫秒 Client on port -1 : 选择了端口号为 20877的服务器 。
2015年6月30日17时39分20秒186毫秒 Client on port 20877 : 消息已发送，等待回应。
2015年6月30日17时39分20秒187毫秒 Server on port 20877 : 收到了一个新连接。
2015年6月30日17时39分20秒187毫秒 Server on port 20877 : 已读取信息。
2015年6月30日17时39分20秒188毫秒 Server on port 20877 : 已读取信息文件。
2015年6月30日17时39分20秒188毫秒 Server on port 20877 : 已载入信息文件。
2015年6月30日17时39分20秒191毫秒 Server on port 20877 : 初始化信息成功。开始执行。
2015年6月30日17时39分20秒244毫秒 Server on port 20877 : 执行完成。command.php本体耗时 0.05 秒。
2015年6月30日17时39分20秒245毫秒 Server on port 20877 : 关闭连接。
2015年6月30日17时39分20秒245毫秒 Client on port 20877 : 回应已读取，关闭连接。
2015年6月30日17时39分20秒246毫秒 Client on port 20877 : 已载入回应文件。
2015年6月30日17时39分20秒246毫秒 Client on port 20877 : Client执行完成。
2015年6月30日17时39分20秒264毫秒 Server on port 20877 : 执行完成。核心占用时间 0.07 秒。
2015年6月30日17时39分20秒957毫秒 Client on port -1 : Client开始执行。
2015年6月30日17时39分20秒957毫秒 Client on port -1 : 选择了端口号为 20877的服务器 。
2015年6月30日17时39分20秒959毫秒 Client on port 20877 : 消息已发送，等待回应。
2015年6月30日17时39分20秒959毫秒 Server on port 20877 : 收到了一个新连接。
2015年6月30日17时39分20秒959毫秒 Server on port 20877 : 已读取信息。
2015年6月30日17时39分20秒960毫秒 Server on port 20877 : 已读取信息文件。
2015年6月30日17时39分20秒960毫秒 Server on port 20877 : 已载入信息文件。
2015年6月30日17时39分20秒963毫秒 Server on port 20877 : 初始化信息成功。开始执行。
2015年6月30日17时39分21秒13毫秒 Server on port 20877 : 执行完成。command.php本体耗时 0.04 秒。
2015年6月30日17时39分21秒14毫秒 Server on port 20877 : 关闭连接。
2015年6月30日17时39分21秒14毫秒 Client on port 20877 : 回应已读取，关闭连接。
2015年6月30日17时39分21秒15毫秒 Client on port 20877 : 已载入回应文件。
2015年6月30日17时39分21秒16毫秒 Client on port 20877 : Client执行完成。
2015年6月30日17时39分21秒33毫秒 Server on port 20877 : 执行完成。核心占用时间 0.06 秒。
2015年6月30日17时39分21秒513毫秒 Client on port -1 : Client开始执行。
2015年6月30日17时39分21秒514毫秒 Client on port -1 : 选择了端口号为 20877的服务器 。
2015年6月30日17时39分21秒516毫秒 Client on port 20877 : 消息已发送，等待回应。
2015年6月30日17时39分21秒516毫秒 Server on port 20877 : 收到了一个新连接。
2015年6月30日17时39分21秒516毫秒 Server on port 20877 : 已读取信息。
2015年6月30日17时39分21秒516毫秒 Server on port 20877 : 已读取信息文件。
2015年6月30日17时39分21秒517毫秒 Server on port 20877 : 已载入信息文件。
2015年6月30日17时39分21秒519毫秒 Server on port 20877 : 初始化信息成功。开始执行。
2015年6月30日17时39分21秒565毫秒 Server on port 20877 : 执行完成。command.php本体耗时 0.04 秒。
2015年6月30日17时39分21秒565毫秒 Server on port 20877 : 关闭连接。
2015年6月30日17时39分21秒565毫秒 Client on port 20877 : 回应已读取，关闭连接。
2015年6月30日17时39分21秒566毫秒 Client on port 20877 : 已载入回应文件。
2015年6月30日17时39分21秒566毫秒 Client on port 20877 : Client执行完成。
2015年6月30日17时39分21秒587毫秒 Server on port 20877 : 执行完成。核心占用时间 0.06 秒。
2015年6月30日17时39分22秒530毫秒 Client on port -1 : Client开始执行。
2015年6月30日17时39分22秒531毫秒 Client on port -1 : 选择了端口号为 20877的服务器 。
2015年6月30日17时39分22秒533毫秒 Client on port 20877 : 消息已发送，等待回应。
2015年6月30日17时39分22秒533毫秒 Server on port 20877 : 收到了一个新连接。
2015年6月30日17时39分22秒534毫秒 Server on port 20877 : 已读取信息。
2015年6月30日17时39分22秒534毫秒 Server on port 20877 : 已读取信息文件。
2015年6月30日17时39分22秒534毫秒 Server on port 20877 : 已载入信息文件。
2015年6月30日17时39分22秒537毫秒 Server on port 20877 : 初始化信息成功。开始执行。
2015年6月30日17时39分22秒586毫秒 Server on port 20877 : 执行完成。command.php本体耗时 0.04 秒。
2015年6月30日17时39分22秒587毫秒 Server on port 20877 : 关闭连接。
2015年6月30日17时39分22秒587毫秒 Client on port 20877 : 回应已读取，关闭连接。
2015年6月30日17时39分22秒588毫秒 Client on port 20877 : 已载入回应文件。
2015年6月30日17时39分22秒588毫秒 Client on port 20877 : Client执行完成。
2015年6月30日17时39分22秒608毫秒 Server on port 20877 : 执行完成。核心占用时间 0.07 秒。
2015年6月30日17时39分23秒712毫秒 Client on port -1 : Client开始执行。
2015年6月30日17时39分23秒713毫秒 Client on port -1 : 选择了端口号为 20877的服务器 。
2015年6月30日17时39分23秒716毫秒 Client on port 20877 : 消息已发送，等待回应。
2015年6月30日17时39分23秒716毫秒 Server on port 20877 : 收到了一个新连接。
2015年6月30日17时39分23秒716毫秒 Server on port 20877 : 已读取信息。
2015年6月30日17时39分23秒717毫秒 Server on port 20877 : 已读取信息文件。
2015年6月30日17时39分23秒717毫秒 Server on port 20877 : 已载入信息文件。
2015年6月30日17时39分23秒720毫秒 Server on port 20877 : 初始化信息成功。开始执行。
2015年6月30日17时39分23秒765毫秒 Server on port 20877 : 执行完成。command.php本体耗时 0.04 秒。
2015年6月30日17时39分23秒766毫秒 Server on port 20877 : 关闭连接。
2015年6月30日17时39分23秒766毫秒 Client on port 20877 : 回应已读取，关闭连接。
2015年6月30日17时39分23秒766毫秒 Client on port 20877 : 已载入回应文件。
2015年6月30日17时39分23秒767毫秒 Client on port 20877 : Client执行完成。
2015年6月30日17时39分23秒785毫秒 Server on port 20877 : 执行完成。核心占用时间 0.06 秒。
2015年6月30日17时54分24秒460毫秒 Server on port 20877 : 已经运行了 1082秒，稍后将退出，已请求脚本启动新服务器。
2015年6月30日17时54分26秒846毫秒 Server on port -1 : 新服务器被启动，开始工作。
2015年6月30日17时54分26秒846毫秒 Server on port -1 : 正在尝试绑定端口20866...
2015年6月30日17时54分26秒846毫秒 Server on port -1 : 绑定端口20866成功。
2015年6月30日17时54分26秒847毫秒 Server on port 20866 : 开始监听端口..
2015年6月30日17时55分24秒497毫秒 Server on port 20877 : 已经运行了 1142秒。主动退出。
2015年6月30日17时55分24秒498毫秒 Server on port 20877 : 已经退出。
