2015年6月30日17时11分08秒208毫秒 Admin on port -1 : 收到命令，立即停止所有服务器。
2015年6月30日17时11分08秒208毫秒 Admin on port -1 : 开始向端口号为 20433 的服务器发送停止指令。
2015年6月30日17时11分08秒209毫秒 Admin on port -1 : 已请求脚本启动一台新的服务器。
2015年6月30日17时11分10秒166毫秒 Server on port -1 : 新服务器被启动，开始工作。
2015年6月30日17时11分10秒167毫秒 Server on port -1 : 绑定端口20756成功。
2015年6月30日17时11分43秒934毫秒 Server on port 20756 : 本次操作同步问题触发窗口达到了 0.0524 秒
2015年6月30日17时18分15秒658毫秒 Admin on port -1 : 收到命令，立即停止所有服务器。
2015年6月30日17时18分15秒659毫秒 Admin on port -1 : 开始向端口号为 20756 的服务器发送停止指令。
2015年6月30日17时18分15秒660毫秒 Admin on port -1 : 已请求脚本启动一台新的服务器。
2015年6月30日17时18分15秒660毫秒 Server on port 20756 : 收到指令要求退出，紧急退出。
2015年6月30日17时18分15秒661毫秒 Server on port 20756 : 已经退出。
2015年6月30日17时18分18秒198毫秒 Server on port -1 : 新服务器被启动，开始工作。
2015年6月30日17时18分18秒198毫秒 Server on port -1 : 绑定端口20795成功。
2015年6月30日17时36分22秒109毫秒 Server on port 20795 : 已经运行了 1085秒，稍后将退出，已请求脚本启动新服务器。
2015年6月30日17时36分23秒310毫秒 Server on port -1 : 新服务器被启动，开始工作。
2015年6月30日17时36分23秒310毫秒 Server on port -1 : 绑定端口20877成功。
2015年6月30日17时37分22秒111毫秒 Server on port 20795 : 已经运行了 1145秒。主动退出。
2015年6月30日17时37分22秒111毫秒 Server on port 20795 : 已经退出。
2015年6月30日17时39分13秒99毫秒 Server on port 20877 : 本次操作同步问题触发窗口达到了 0.0521 秒
2015年6月30日17时54分24秒460毫秒 Server on port 20877 : 已经运行了 1082秒，稍后将退出，已请求脚本启动新服务器。
2015年6月30日17时54分26秒846毫秒 Server on port -1 : 新服务器被启动，开始工作。
2015年6月30日17时54分26秒846毫秒 Server on port -1 : 绑定端口20866成功。
2015年6月30日17时55分24秒497毫秒 Server on port 20877 : 已经运行了 1142秒。主动退出。
2015年6月30日17时55分24秒498毫秒 Server on port 20877 : 已经退出。
